Build started 7/7/2016 11:33:21 PM.
Project "C:\Users\Sidhartha\Desktop\project2\modeler.vcxproj" on node 2 (build target(s)).
InitializeBuildStatus:
  Creating ".\Debug\modeler.unsuccessfulbuild" because "AlwaysCreate" was specified.
ClCompile:
  C:\Program Files\Microsoft Visual Studio 10.0\VC\bin\CL.exe /c /Ilocal\include /ZI /nologo /W3 /WX- /Od /Oy- /D WIN32 /D _DEBUG /D _CONSOLE /D _VC80_UPGRADE=0x0600 /D _MBCS /Gm /EHsc /RTC1 /MTd /GS /fp:precise /Zc:wchar_t /Zc:forScope /Fo".\Debug/" /Fd".\Debug/vc100.pdb" /Gd /TP /analyze- /errorReport:prompt sample.cpp
  sample.cpp
ManifestResourceCompile:
  All outputs are up-to-date.
Link:
  C:\Program Files\Microsoft Visual Studio 10.0\VC\bin\link.exe /ERRORREPORT:PROMPT /OUT:".\Debug/modeler.exe" /INCREMENTAL /NOLOGO /LIBPATH:local\lib opengl32.lib glu32.lib wsock32.lib fltk.lib odbc32.lib odbccp32.lib kernel32.lib user32.lib gdi32.lib winspool.lib comdlg32.lib advapi32.lib shell32.lib ole32.lib oleaut32.lib uuid.lib odbc32.lib odbccp32.lib /NODEFAULTLIB:libcmt /MANIFEST /ManifestFile:".\Debug\modeler.exe.intermediate.manifest" /MANIFESTUAC:"level='asInvoker' uiAccess='false'" /DEBUG /PDB:".\Debug/modeler.pdb" /SUBSYSTEM:CONSOLE /TLBID:1 /DYNAMICBASE:NO /IMPLIB:".\Debug\modeler.lib" /MACHINE:X86 .\Debug\modeler.exe.embed.manifest.res
  .\Debug/bitmap.obj
  .\Debug/camera.obj
  .\Debug/modelerapp.obj
  .\Debug/modelerdraw.obj
  .\Debug/modelerui.obj
  .\Debug/modelerview.obj
  .\Debug/sample.obj
Manifest:
  C:\Program Files\Microsoft SDKs\Windows\v7.0A\bin\mt.exe /nologo /verbose /out:".\Debug\modeler.exe.embed.manifest" /manifest .\Debug\modeler.exe.intermediate.manifest
  All outputs are up-to-date.
LinkEmbedManifest:
  All outputs are up-to-date.
  modeler.vcxproj -> C:\Users\Sidhartha\Desktop\project2\.\Debug\modeler.exe
FinalizeBuildStatus:
  Deleting file ".\Debug\modeler.unsuccessfulbuild".
  Touching ".\Debug\modeler.lastbuildstate".
Done Building Project "C:\Users\Sidhartha\Desktop\project2\modeler.vcxproj" (build target(s)).

Build succeeded.

Time Elapsed 00:00:02.40
