Build started 7/6/2016 11:39:41 PM.
Project "C:\Users\Sidhartha\Desktop\ModSkelS12\modeler.vcxproj" on node 2 (build target(s)).
InitializeBuildStatus:
  Creating ".\Release\modeler.unsuccessfulbuild" because "AlwaysCreate" was specified.
ClCompile:
  C:\Program Files\Microsoft Visual Studio 10.0\VC\bin\CL.exe /c /Ilocal\include /Zi /nologo /W3 /WX- /O2 /Ob1 /Oy- /D WIN32 /D NDEBUG /D _CONSOLE /D _VC80_UPGRADE=0x0600 /D _MBCS /GF /Gm- /EHsc /MT /GS /Gy /fp:precise /Zc:wchar_t /Zc:forScope /Fo".\Release/" /Fd".\Release/vc100.pdb" /Gd /TP /analyze- /errorReport:prompt modelerapp.cpp modelerdraw.cpp modelerui.cxx sample.cpp
  modelerapp.cpp
modelerapp.cpp(37): warning C4996: 'strncpy': This function or variable may be unsafe. Consider using strncpy_s instead. To disable deprecation, use _CRT_SECURE_NO_WARNINGS. See online help for details.
          C:\Program Files\Microsoft Visual Studio 10.0\VC\include\string.h(188) : see declaration of 'strncpy'
  modelerdraw.cpp
modelerdraw.cpp(151): warning C4996: 'fopen': This function or variable may be unsafe. Consider using fopen_s instead. To disable deprecation, use _CRT_SECURE_NO_WARNINGS. See online help for details.
          C:\Program Files\Microsoft Visual Studio 10.0\VC\include\stdio.h(234) : see declaration of 'fopen'
  modelerui.cxx
modelerui.cxx(103): warning C4996: 'fopen': This function or variable may be unsafe. Consider using fopen_s instead. To disable deprecation, use _CRT_SECURE_NO_WARNINGS. See online help for details.
          C:\Program Files\Microsoft Visual Studio 10.0\VC\include\stdio.h(234) : see declaration of 'fopen'
  sample.cpp
sample.cpp(65): error C2065: 'COLOR_RED' : undeclared identifier
sample.cpp(91): error C2065: 'COLOR_RED' : undeclared identifier
sample.cpp(112): error C2065: 'COLOR_RED' : undeclared identifier
sample.cpp(146): error C2065: 'COLOR_RED' : undeclared identifier
  Generating Code...
Done Building Project "C:\Users\Sidhartha\Desktop\ModSkelS12\modeler.vcxproj" (build target(s)) -- FAILED.

Build FAILED.

Time Elapsed 00:00:03.53
